2021-06-10 08:36:13.860  INFO 11160 --- [Test worker] c.e.userservice.PasswordEncodingTests    : Starting PasswordEncodingTests using Java 15.0.1 on xps-manny with PID 11160 (started by emanu in C:\Users\emanu\Documents\repos\CHOGAN\backend\UserService)
2021-06-10 08:36:13.873  INFO 11160 --- [Test worker] c.e.userservice.PasswordEncodingTests    : No active profile set, falling back to default profiles: default
2021-06-10 08:36:15.118  WARN 11160 --- [background-preinit] o.s.h.c.j.Jackson2ObjectMapperBuilder    : For Jackson Kotlin classes support please add "com.fasterxml.jackson.module:jackson-module-kotlin" to the classpath
2021-06-10 08:36:17.168  INFO 11160 --- [Test worker] .s.s.UserDetailsServiceAutoConfiguration : 

Using generated security password: c6d31ce3-3a70-4b86-9bf0-0ed0fbe09ea8

2021-06-10 08:36:17.588  INFO 11160 --- [Test worker] o.s.s.web.DefaultSecurityFilterChain     : Will secure any request with [org.springframework.security.web.context.request.async.WebAsyncManagerIntegrationFilter@73ede79, org.springframework.security.web.context.SecurityContextPersistenceFilter@604b95ba, org.springframework.security.web.header.HeaderWriterFilter@15e201f3, org.springframework.security.web.csrf.CsrfFilter@4fa98082, org.springframework.security.web.authentication.logout.LogoutFilter@f9150a4, org.springframework.security.web.authentication.UsernamePasswordAuthenticationFilter@cba6476, org.springframework.security.web.savedrequest.RequestCacheAwareFilter@5329d023, org.springframework.security.web.servletapi.SecurityContextHolderAwareRequestFilter@40dc137, org.springframework.security.web.authentication.AnonymousAuthenticationFilter@10f2bc90, org.springframework.security.web.session.SessionManagementFilter@22d88e72, org.springframework.security.web.access.ExceptionTranslationFilter@af04c6a, org.springframework.security.web.access.intercept.FilterSecurityInterceptor@2c702400]
2021-06-10 08:36:18.971  INFO 11160 --- [Test worker] o.s.b.t.m.w.SpringBootMockServletContext : Initializing Spring TestDispatcherServlet ''
2021-06-10 08:36:18.972  INFO 11160 --- [Test worker] o.s.t.web.servlet.TestDispatcherServlet  : Initializing Servlet ''
2021-06-10 08:36:18.976  INFO 11160 --- [Test worker] o.s.t.web.servlet.TestDispatcherServlet  : Completed initialization in 2 ms
2021-06-10 08:36:19.086  INFO 11160 --- [Test worker] c.e.userservice.PasswordEncodingTests    : Started PasswordEncodingTests in 5.978 seconds (JVM running for 8.248)
2021-06-10 08:37:38.555  INFO 10340 --- [restartedMain] c.e.userservice.UserServiceApplication   : Starting UserServiceApplication using Java 15.0.2 on xps-manny with PID 10340 (C:\Users\emanu\Documents\repos\CHOGAN\backend\UserService\build\classes\java\main started by emanu in C:\Users\emanu\Documents\repos\CHOGAN\backend\UserService)
2021-06-10 08:37:38.559  INFO 10340 --- [restartedMain] c.e.userservice.UserServiceApplication   : No active profile set, falling back to default profiles: default
2021-06-10 08:37:38.610  INFO 10340 --- [restartedMain] .e.DevToolsPropertyDefaultsPostProcessor : Devtools property defaults active! Set 'spring.devtools.add-properties' to 'false' to disable
2021-06-10 08:37:38.610  INFO 10340 --- [restartedMain] .e.DevToolsPropertyDefaultsPostProcessor : For additional web related logging consider setting the 'logging.level.web' property to 'DEBUG'
2021-06-10 08:37:38.941  WARN 10340 --- [background-preinit] o.s.h.c.j.Jackson2ObjectMapperBuilder    : For Jackson Kotlin classes support please add "com.fasterxml.jackson.module:jackson-module-kotlin" to the classpath
2021-06-10 08:37:39.510  INFO 10340 --- [restartedMain] .s.d.r.c.RepositoryConfigurationDelegate : Bootstrapping Spring Data MongoDB repositories in DEFAULT mode.
2021-06-10 08:37:39.612  INFO 10340 --- [restartedMain] .s.d.r.c.RepositoryConfigurationDelegate : Finished Spring Data repository scanning in 93 ms. Found 1 MongoDB repository interfaces.
2021-06-10 08:37:40.281  INFO 10340 --- [restartedMain] o.s.b.w.embedded.tomcat.TomcatWebServer  : Tomcat initialized with port(s): 6969 (http)
2021-06-10 08:37:40.298  INFO 10340 --- [restartedMain] o.apache.catalina.core.StandardService   : Starting service [Tomcat]
2021-06-10 08:37:40.299  INFO 10340 --- [restartedMain] org.apache.catalina.core.StandardEngine  : Starting Servlet engine: [Apache Tomcat/9.0.46]
2021-06-10 08:37:40.451  INFO 10340 --- [restartedMain] o.a.c.c.C.[Tomcat].[localhost].[/]       : Initializing Spring embedded WebApplicationContext
2021-06-10 08:37:40.452  INFO 10340 --- [restartedMain] w.s.c.ServletWebServerApplicationContext : Root WebApplicationContext: initialization completed in 1840 ms
2021-06-10 08:37:40.867  INFO 10340 --- [restartedMain] org.mongodb.driver.cluster               : Cluster created with settings {hosts=[localhost:27017], mode=SINGLE, requiredClusterType=UNKNOWN, serverSelectionTimeout='30000 ms'}
2021-06-10 08:37:40.944  INFO 10340 --- [cluster-ClusterId{value='60c231c4aa2bc028a4e3f8f0', description='null'}-localhost:27017] org.mongodb.driver.connection            : Opened connection [connectionId{localValue:1, serverValue:2}] to localhost:27017
2021-06-10 08:37:40.944  INFO 10340 --- [cluster-rtt-ClusterId{value='60c231c4aa2bc028a4e3f8f0', description='null'}-localhost:27017] org.mongodb.driver.connection            : Opened connection [connectionId{localValue:2, serverValue:1}] to localhost:27017
2021-06-10 08:37:40.944  INFO 10340 --- [cluster-ClusterId{value='60c231c4aa2bc028a4e3f8f0', description='null'}-localhost:27017] org.mongodb.driver.cluster               : Monitor thread successfully connected to server with description ServerDescription{address=localhost:27017, type=STANDALONE, state=CONNECTED, ok=true, minWireVersion=0, maxWireVersion=9, maxDocumentSize=16777216, logicalSessionTimeoutMinutes=30, roundTripTimeNanos=25932100}
2021-06-10 08:37:41.116  INFO 10340 --- [restartedMain] o.s.b.d.a.OptionalLiveReloadServer       : LiveReload server is running on port 35729
2021-06-10 08:37:41.230  INFO 10340 --- [restartedMain] org.mongodb.driver.connection            : Opened connection [connectionId{localValue:3, serverValue:3}] to localhost:27017
2021-06-10 08:37:41.479  INFO 10340 --- [restartedMain] .s.s.UserDetailsServiceAutoConfiguration : 

Using generated security password: fecd8e73-3bf0-4610-93de-4c0c5c1f7317

2021-06-10 08:37:41.591  INFO 10340 --- [restartedMain] o.s.s.web.DefaultSecurityFilterChain     : Will secure any request with [org.springframework.security.web.context.request.async.WebAsyncManagerIntegrationFilter@4b8090f7, org.springframework.security.web.context.SecurityContextPersistenceFilter@6a714f5e, org.springframework.security.web.header.HeaderWriterFilter@682fbe31, org.springframework.security.web.csrf.CsrfFilter@768440b8, org.springframework.security.web.authentication.logout.LogoutFilter@36252105, org.springframework.security.web.authentication.UsernamePasswordAuthenticationFilter@4d28cedd, org.springframework.security.web.savedrequest.RequestCacheAwareFilter@2786ce53, org.springframework.security.web.servletapi.SecurityContextHolderAwareRequestFilter@180acdd6, org.springframework.security.web.authentication.AnonymousAuthenticationFilter@6c4e7e14, org.springframework.security.web.session.SessionManagementFilter@2d800686, org.springframework.security.web.access.ExceptionTranslationFilter@32471a86, org.springframework.security.web.access.intercept.FilterSecurityInterceptor@5b836340]
2021-06-10 08:37:41.990  INFO 10340 --- [restartedMain] o.s.b.w.embedded.tomcat.TomcatWebServer  : Tomcat started on port(s): 6969 (http) with context path ''
2021-06-10 08:37:42.003  INFO 10340 --- [restartedMain] c.e.userservice.UserServiceApplication   : Started UserServiceApplication in 3.982 seconds (JVM running for 5.251)
2021-06-10 08:37:42.005  INFO 10340 --- [restartedMain] o.s.b.a.ApplicationAvailabilityBean      : Application availability state LivenessState changed to CORRECT
2021-06-10 08:37:42.006  INFO 10340 --- [restartedMain] o.s.b.a.ApplicationAvailabilityBean      : Application availability state ReadinessState changed to ACCEPTING_TRAFFIC
2021-06-10 08:39:52.702  INFO 10340 --- [http-nio-6969-exec-1] o.a.c.c.C.[Tomcat].[localhost].[/]       : Initializing Spring DispatcherServlet 'dispatcherServlet'
2021-06-10 08:39:52.702  INFO 10340 --- [http-nio-6969-exec-1] o.s.web.servlet.DispatcherServlet        : Initializing Servlet 'dispatcherServlet'
2021-06-10 08:39:52.704  INFO 10340 --- [http-nio-6969-exec-1] o.s.web.servlet.DispatcherServlet        : Completed initialization in 1 ms
2021-06-10 08:50:39.565  INFO 3960 --- [Test worker] c.e.userservice.PasswordEncodingTests    : Starting PasswordEncodingTests using Java 15.0.1 on xps-manny with PID 3960 (started by emanu in C:\Users\emanu\Documents\repos\CHOGAN\backend\UserService)
2021-06-10 08:50:39.568  INFO 3960 --- [Test worker] c.e.userservice.PasswordEncodingTests    : No active profile set, falling back to default profiles: default
2021-06-10 08:50:40.195  WARN 3960 --- [background-preinit] o.s.h.c.j.Jackson2ObjectMapperBuilder    : For Jackson Kotlin classes support please add "com.fasterxml.jackson.module:jackson-module-kotlin" to the classpath
2021-06-10 08:50:41.616  INFO 3960 --- [Test worker] .s.s.UserDetailsServiceAutoConfiguration : 

Using generated security password: d8d143c3-61a7-4a3e-a9a4-09d334ca415c

2021-06-10 08:50:41.879  INFO 3960 --- [Test worker] o.s.s.web.DefaultSecurityFilterChain     : Will secure any request with [org.springframework.security.web.context.request.async.WebAsyncManagerIntegrationFilter@39dcae5b, org.springframework.security.web.context.SecurityContextPersistenceFilter@41a06d80, org.springframework.security.web.header.HeaderWriterFilter@254a5070, org.springframework.security.web.csrf.CsrfFilter@4ffde0a3, org.springframework.security.web.authentication.logout.LogoutFilter@44768c16, org.springframework.security.web.authentication.UsernamePasswordAuthenticationFilter@21a6686a, org.springframework.security.web.savedrequest.RequestCacheAwareFilter@3662a1de, org.springframework.security.web.servletapi.SecurityContextHolderAwareRequestFilter@1eaaec16, org.springframework.security.web.authentication.AnonymousAuthenticationFilter@4c18d30f, org.springframework.security.web.session.SessionManagementFilter@4bb4ce0d, org.springframework.security.web.access.ExceptionTranslationFilter@23deb2b1, org.springframework.security.web.access.intercept.FilterSecurityInterceptor@192ad717]
2021-06-10 08:50:42.835  INFO 3960 --- [Test worker] o.s.b.t.m.w.SpringBootMockServletContext : Initializing Spring TestDispatcherServlet ''
2021-06-10 08:50:42.837  INFO 3960 --- [Test worker] o.s.t.web.servlet.TestDispatcherServlet  : Initializing Servlet ''
2021-06-10 08:50:42.840  INFO 3960 --- [Test worker] o.s.t.web.servlet.TestDispatcherServlet  : Completed initialization in 2 ms
2021-06-10 08:50:42.891  INFO 3960 --- [Test worker] c.e.userservice.PasswordEncodingTests    : Started PasswordEncodingTests in 3.776 seconds (JVM running for 5.095)
2021-06-10 08:51:42.887  INFO 6616 --- [Test worker] c.e.userservice.PasswordEncodingTests    : Starting PasswordEncodingTests using Java 15.0.1 on xps-manny with PID 6616 (started by emanu in C:\Users\emanu\Documents\repos\CHOGAN\backend\UserService)
2021-06-10 08:51:42.894  INFO 6616 --- [Test worker] c.e.userservice.PasswordEncodingTests    : No active profile set, falling back to default profiles: default
2021-06-10 08:51:44.302  WARN 6616 --- [background-preinit] o.s.h.c.j.Jackson2ObjectMapperBuilder    : For Jackson Kotlin classes support please add "com.fasterxml.jackson.module:jackson-module-kotlin" to the classpath
2021-06-10 08:51:46.268  INFO 6616 --- [Test worker] .s.s.UserDetailsServiceAutoConfiguration : 

Using generated security password: 0b97499d-caaf-4a48-805b-175b56663fd4

2021-06-10 08:51:46.712  INFO 6616 --- [Test worker] o.s.s.web.DefaultSecurityFilterChain     : Will secure any request with [org.springframework.security.web.context.request.async.WebAsyncManagerIntegrationFilter@30327867, org.springframework.security.web.context.SecurityContextPersistenceFilter@5c713256, org.springframework.security.web.header.HeaderWriterFilter@296614fe, org.springframework.security.web.csrf.CsrfFilter@762f0f24, org.springframework.security.web.authentication.logout.LogoutFilter@62a1d7dc, org.springframework.security.web.authentication.UsernamePasswordAuthenticationFilter@7725e817, org.springframework.security.web.savedrequest.RequestCacheAwareFilter@642e631a, org.springframework.security.web.servletapi.SecurityContextHolderAwareRequestFilter@10108307, org.springframework.security.web.authentication.AnonymousAuthenticationFilter@516bd269, org.springframework.security.web.session.SessionManagementFilter@50a71b40, org.springframework.security.web.access.ExceptionTranslationFilter@2c2373, org.springframework.security.web.access.intercept.FilterSecurityInterceptor@2956214c]
2021-06-10 08:51:48.336  INFO 6616 --- [Test worker] o.s.b.t.m.w.SpringBootMockServletContext : Initializing Spring TestDispatcherServlet ''
2021-06-10 08:51:48.337  INFO 6616 --- [Test worker] o.s.t.web.servlet.TestDispatcherServlet  : Initializing Servlet ''
2021-06-10 08:51:48.341  INFO 6616 --- [Test worker] o.s.t.web.servlet.TestDispatcherServlet  : Completed initialization in 3 ms
2021-06-10 08:51:48.446  INFO 6616 --- [Test worker] c.e.userservice.PasswordEncodingTests    : Started PasswordEncodingTests in 6.604 seconds (JVM running for 9.654)
2021-06-10 08:54:27.519  INFO 1300 --- [Test worker] c.e.userservice.PasswordEncodingTests    : Starting PasswordEncodingTests using Java 15.0.1 on xps-manny with PID 1300 (started by emanu in C:\Users\emanu\Documents\repos\CHOGAN\backend\UserService)
2021-06-10 08:54:27.523  INFO 1300 --- [Test worker] c.e.userservice.PasswordEncodingTests    : No active profile set, falling back to default profiles: default
2021-06-10 08:54:28.123  WARN 1300 --- [background-preinit] o.s.h.c.j.Jackson2ObjectMapperBuilder    : For Jackson Kotlin classes support please add "com.fasterxml.jackson.module:jackson-module-kotlin" to the classpath
2021-06-10 08:54:29.289  INFO 1300 --- [Test worker] .s.s.UserDetailsServiceAutoConfiguration : 

Using generated security password: 6bc54e92-665d-4561-b3ef-40856e12be28

2021-06-10 08:54:29.504  INFO 1300 --- [Test worker] o.s.s.web.DefaultSecurityFilterChain     : Will secure any request with [org.springframework.security.web.context.request.async.WebAsyncManagerIntegrationFilter@28725a10, org.springframework.security.web.context.SecurityContextPersistenceFilter@6c768dce, org.springframework.security.web.header.HeaderWriterFilter@a5ad3c, org.springframework.security.web.csrf.CsrfFilter@6b3d3c40, org.springframework.security.web.authentication.logout.LogoutFilter@51b47de4, org.springframework.security.web.authentication.UsernamePasswordAuthenticationFilter@5dc8e2ef, org.springframework.security.web.savedrequest.RequestCacheAwareFilter@77169d8d, org.springframework.security.web.servletapi.SecurityContextHolderAwareRequestFilter@44768c16, org.springframework.security.web.authentication.AnonymousAuthenticationFilter@6d082acb, org.springframework.security.web.session.SessionManagementFilter@18e571c6, org.springframework.security.web.access.ExceptionTranslationFilter@4b471f55, org.springframework.security.web.access.intercept.FilterSecurityInterceptor@5c648a0e]
2021-06-10 08:54:30.306  INFO 1300 --- [Test worker] o.s.b.t.m.w.SpringBootMockServletContext : Initializing Spring TestDispatcherServlet ''
2021-06-10 08:54:30.307  INFO 1300 --- [Test worker] o.s.t.web.servlet.TestDispatcherServlet  : Initializing Servlet ''
2021-06-10 08:54:30.311  INFO 1300 --- [Test worker] o.s.t.web.servlet.TestDispatcherServlet  : Completed initialization in 3 ms
2021-06-10 08:54:30.355  INFO 1300 --- [Test worker] c.e.userservice.PasswordEncodingTests    : Started PasswordEncodingTests in 3.265 seconds (JVM running for 4.616)
2021-06-10 08:55:03.659  INFO 11612 --- [Test worker] c.e.userservice.PasswordEncodingTests    : Starting PasswordEncodingTests using Java 15.0.1 on xps-manny with PID 11612 (started by emanu in C:\Users\emanu\Documents\repos\CHOGAN\backend\UserService)
2021-06-10 08:55:03.662  INFO 11612 --- [Test worker] c.e.userservice.PasswordEncodingTests    : No active profile set, falling back to default profiles: default
2021-06-10 08:55:04.262  WARN 11612 --- [background-preinit] o.s.h.c.j.Jackson2ObjectMapperBuilder    : For Jackson Kotlin classes support please add "com.fasterxml.jackson.module:jackson-module-kotlin" to the classpath
2021-06-10 08:55:05.537  INFO 11612 --- [Test worker] .s.s.UserDetailsServiceAutoConfiguration : 

Using generated security password: 49c4055c-3660-4c99-9c5b-87289fcc614d

2021-06-10 08:55:05.790  INFO 11612 --- [Test worker] o.s.s.web.DefaultSecurityFilterChain     : Will secure any request with [org.springframework.security.web.context.request.async.WebAsyncManagerIntegrationFilter@67bfe7aa, org.springframework.security.web.context.SecurityContextPersistenceFilter@62619022, org.springframework.security.web.header.HeaderWriterFilter@23deb2b1, org.springframework.security.web.csrf.CsrfFilter@13936882, org.springframework.security.web.authentication.logout.LogoutFilter@5d32c98b, org.springframework.security.web.authentication.UsernamePasswordAuthenticationFilter@24bd9bfb, org.springframework.security.web.savedrequest.RequestCacheAwareFilter@42076258, org.springframework.security.web.servletapi.SecurityContextHolderAwareRequestFilter@68083fdb, org.springframework.security.web.authentication.AnonymousAuthenticationFilter@fcd67ba, org.springframework.security.web.session.SessionManagementFilter@2957a26c, org.springframework.security.web.access.ExceptionTranslationFilter@59b6dd0d, org.springframework.security.web.access.intercept.FilterSecurityInterceptor@5d0c259e]
2021-06-10 08:55:06.505  INFO 11612 --- [Test worker] o.s.b.t.m.w.SpringBootMockServletContext : Initializing Spring TestDispatcherServlet ''
2021-06-10 08:55:06.506  INFO 11612 --- [Test worker] o.s.t.web.servlet.TestDispatcherServlet  : Initializing Servlet ''
2021-06-10 08:55:06.509  INFO 11612 --- [Test worker] o.s.t.web.servlet.TestDispatcherServlet  : Completed initialization in 2 ms
2021-06-10 08:55:06.553  INFO 11612 --- [Test worker] c.e.userservice.PasswordEncodingTests    : Started PasswordEncodingTests in 3.331 seconds (JVM running for 4.646)
2021-06-10 08:55:57.631  INFO 15916 --- [Test worker] c.e.userservice.PasswordEncodingTests    : Starting PasswordEncodingTests using Java 15.0.1 on xps-manny with PID 15916 (started by emanu in C:\Users\emanu\Documents\repos\CHOGAN\backend\UserService)
2021-06-10 08:55:57.636  INFO 15916 --- [Test worker] c.e.userservice.PasswordEncodingTests    : No active profile set, falling back to default profiles: default
2021-06-10 08:55:58.313  WARN 15916 --- [background-preinit] o.s.h.c.j.Jackson2ObjectMapperBuilder    : For Jackson Kotlin classes support please add "com.fasterxml.jackson.module:jackson-module-kotlin" to the classpath
2021-06-10 08:55:59.478  INFO 15916 --- [Test worker] .s.s.UserDetailsServiceAutoConfiguration : 

Using generated security password: 1496b756-2e83-4674-8645-9bacda6a2d99

2021-06-10 08:55:59.737  INFO 15916 --- [Test worker] o.s.s.web.DefaultSecurityFilterChain     : Will secure any request with [org.springframework.security.web.context.request.async.WebAsyncManagerIntegrationFilter@18abb29f, org.springframework.security.web.context.SecurityContextPersistenceFilter@3504e3ab, org.springframework.security.web.header.HeaderWriterFilter@44bbe2e3, org.springframework.security.web.csrf.CsrfFilter@3036b9eb, org.springframework.security.web.authentication.logout.LogoutFilter@5008d479, org.springframework.security.web.authentication.UsernamePasswordAuthenticationFilter@fcd67ba, org.springframework.security.web.savedrequest.RequestCacheAwareFilter@6c768dce, org.springframework.security.web.servletapi.SecurityContextHolderAwareRequestFilter@273ac5e, org.springframework.security.web.authentication.AnonymousAuthenticationFilter@51177caa, org.springframework.security.web.session.SessionManagementFilter@a5ad3c, org.springframework.security.web.access.ExceptionTranslationFilter@74ec06ff, org.springframework.security.web.access.intercept.FilterSecurityInterceptor@2602fbb1]
2021-06-10 08:56:00.518  INFO 15916 --- [Test worker] o.s.b.t.m.w.SpringBootMockServletContext : Initializing Spring TestDispatcherServlet ''
2021-06-10 08:56:00.519  INFO 15916 --- [Test worker] o.s.t.web.servlet.TestDispatcherServlet  : Initializing Servlet ''
2021-06-10 08:56:00.521  INFO 15916 --- [Test worker] o.s.t.web.servlet.TestDispatcherServlet  : Completed initialization in 2 ms
2021-06-10 08:56:00.567  INFO 15916 --- [Test worker] c.e.userservice.PasswordEncodingTests    : Started PasswordEncodingTests in 3.382 seconds (JVM running for 4.684)
2021-06-10 08:57:07.279  INFO 12992 --- [Test worker] c.e.userservice.PasswordEncodingTests    : Starting PasswordEncodingTests using Java 15.0.1 on xps-manny with PID 12992 (started by emanu in C:\Users\emanu\Documents\repos\CHOGAN\backend\UserService)
2021-06-10 08:57:07.283  INFO 12992 --- [Test worker] c.e.userservice.PasswordEncodingTests    : No active profile set, falling back to default profiles: default
2021-06-10 08:57:08.292  WARN 12992 --- [background-preinit] o.s.h.c.j.Jackson2ObjectMapperBuilder    : For Jackson Kotlin classes support please add "com.fasterxml.jackson.module:jackson-module-kotlin" to the classpath
2021-06-10 08:57:09.587  INFO 12992 --- [Test worker] .s.s.UserDetailsServiceAutoConfiguration : 

Using generated security password: b567b27c-67c5-4adc-86b9-4bd12138a7e1

2021-06-10 08:57:09.858  INFO 12992 --- [Test worker] o.s.s.web.DefaultSecurityFilterChain     : Will secure any request with [org.springframework.security.web.context.request.async.WebAsyncManagerIntegrationFilter@18abb29f, org.springframework.security.web.context.SecurityContextPersistenceFilter@3504e3ab, org.springframework.security.web.header.HeaderWriterFilter@44bbe2e3, org.springframework.security.web.csrf.CsrfFilter@3036b9eb, org.springframework.security.web.authentication.logout.LogoutFilter@5008d479, org.springframework.security.web.authentication.UsernamePasswordAuthenticationFilter@fcd67ba, org.springframework.security.web.savedrequest.RequestCacheAwareFilter@6c768dce, org.springframework.security.web.servletapi.SecurityContextHolderAwareRequestFilter@273ac5e, org.springframework.security.web.authentication.AnonymousAuthenticationFilter@51177caa, org.springframework.security.web.session.SessionManagementFilter@a5ad3c, org.springframework.security.web.access.ExceptionTranslationFilter@74ec06ff, org.springframework.security.web.access.intercept.FilterSecurityInterceptor@2602fbb1]
2021-06-10 08:57:10.590  INFO 12992 --- [Test worker] o.s.b.t.m.w.SpringBootMockServletContext : Initializing Spring TestDispatcherServlet ''
2021-06-10 08:57:10.591  INFO 12992 --- [Test worker] o.s.t.web.servlet.TestDispatcherServlet  : Initializing Servlet ''
2021-06-10 08:57:10.596  INFO 12992 --- [Test worker] o.s.t.web.servlet.TestDispatcherServlet  : Completed initialization in 3 ms
2021-06-10 08:57:10.655  INFO 12992 --- [Test worker] c.e.userservice.PasswordEncodingTests    : Started PasswordEncodingTests in 3.832 seconds (JVM running for 5.188)
2021-06-10 08:57:18.765  INFO 10144 --- [Test worker] c.e.userservice.PasswordEncodingTests    : Starting PasswordEncodingTests using Java 15.0.1 on xps-manny with PID 10144 (started by emanu in C:\Users\emanu\Documents\repos\CHOGAN\backend\UserService)
2021-06-10 08:57:18.770  INFO 10144 --- [Test worker] c.e.userservice.PasswordEncodingTests    : No active profile set, falling back to default profiles: default
2021-06-10 08:57:19.405  WARN 10144 --- [background-preinit] o.s.h.c.j.Jackson2ObjectMapperBuilder    : For Jackson Kotlin classes support please add "com.fasterxml.jackson.module:jackson-module-kotlin" to the classpath
2021-06-10 08:57:20.568  INFO 10144 --- [Test worker] .s.s.UserDetailsServiceAutoConfiguration : 

Using generated security password: 15833dff-511a-4bb3-aede-84060183bb36

2021-06-10 08:57:20.852  INFO 10144 --- [Test worker] o.s.s.web.DefaultSecurityFilterChain     : Will secure any request with [org.springframework.security.web.context.request.async.WebAsyncManagerIntegrationFilter@631fbcc3, org.springframework.security.web.context.SecurityContextPersistenceFilter@4b471f55, org.springframework.security.web.header.HeaderWriterFilter@41a06d80, org.springframework.security.web.csrf.CsrfFilter@6dc2e03f, org.springframework.security.web.authentication.logout.LogoutFilter@3dc51a50, org.springframework.security.web.authentication.UsernamePasswordAuthenticationFilter@19f55531, org.springframework.security.web.savedrequest.RequestCacheAwareFilter@6de4eb48, org.springframework.security.web.servletapi.SecurityContextHolderAwareRequestFilter@5faeacbc, org.springframework.security.web.authentication.AnonymousAuthenticationFilter@1dab41d0, org.springframework.security.web.session.SessionManagementFilter@3662a1de, org.springframework.security.web.access.ExceptionTranslationFilter@62619022, org.springframework.security.web.access.intercept.FilterSecurityInterceptor@120d3ab3]
2021-06-10 08:57:21.659  INFO 10144 --- [Test worker] o.s.b.t.m.w.SpringBootMockServletContext : Initializing Spring TestDispatcherServlet ''
2021-06-10 08:57:21.660  INFO 10144 --- [Test worker] o.s.t.web.servlet.TestDispatcherServlet  : Initializing Servlet ''
2021-06-10 08:57:21.663  INFO 10144 --- [Test worker] o.s.t.web.servlet.TestDispatcherServlet  : Completed initialization in 2 ms
2021-06-10 08:57:21.703  INFO 10144 --- [Test worker] c.e.userservice.PasswordEncodingTests    : Started PasswordEncodingTests in 3.441 seconds (JVM running for 5.548)
2021-06-10 09:04:44.083  INFO 1736 --- [Test worker] c.e.userservice.PasswordEncodingTests    : Starting PasswordEncodingTests using Java 15.0.1 on xps-manny with PID 1736 (started by emanu in C:\Users\emanu\Documents\repos\CHOGAN\backend\UserService)
2021-06-10 09:04:44.088  INFO 1736 --- [Test worker] c.e.userservice.PasswordEncodingTests    : No active profile set, falling back to default profiles: default
2021-06-10 09:04:45.198  WARN 1736 --- [background-preinit] o.s.h.c.j.Jackson2ObjectMapperBuilder    : For Jackson Kotlin classes support please add "com.fasterxml.jackson.module:jackson-module-kotlin" to the classpath
2021-06-10 09:04:46.491  INFO 1736 --- [Test worker] .s.s.UserDetailsServiceAutoConfiguration : 

Using generated security password: dfcb9923-c9c0-4509-9e7b-a8fe3b47a221

2021-06-10 09:04:46.744  INFO 1736 --- [Test worker] o.s.s.web.DefaultSecurityFilterChain     : Will secure any request with [org.springframework.security.web.context.request.async.WebAsyncManagerIntegrationFilter@67bfe7aa, org.springframework.security.web.context.SecurityContextPersistenceFilter@62619022, org.springframework.security.web.header.HeaderWriterFilter@23deb2b1, org.springframework.security.web.csrf.CsrfFilter@13936882, org.springframework.security.web.authentication.logout.LogoutFilter@5d32c98b, org.springframework.security.web.authentication.UsernamePasswordAuthenticationFilter@24bd9bfb, org.springframework.security.web.savedrequest.RequestCacheAwareFilter@42076258, org.springframework.security.web.servletapi.SecurityContextHolderAwareRequestFilter@68083fdb, org.springframework.security.web.authentication.AnonymousAuthenticationFilter@fcd67ba, org.springframework.security.web.session.SessionManagementFilter@2957a26c, org.springframework.security.web.access.ExceptionTranslationFilter@59b6dd0d, org.springframework.security.web.access.intercept.FilterSecurityInterceptor@5d0c259e]
2021-06-10 09:04:47.863  INFO 1736 --- [Test worker] o.s.b.t.m.w.SpringBootMockServletContext : Initializing Spring TestDispatcherServlet ''
2021-06-10 09:04:47.864  INFO 1736 --- [Test worker] o.s.t.web.servlet.TestDispatcherServlet  : Initializing Servlet ''
2021-06-10 09:04:47.868  INFO 1736 --- [Test worker] o.s.t.web.servlet.TestDispatcherServlet  : Completed initialization in 3 ms
2021-06-10 09:04:47.939  INFO 1736 --- [Test worker] c.e.userservice.PasswordEncodingTests    : Started PasswordEncodingTests in 4.44 seconds (JVM running for 6.077)
